<?xml version="1.0" encoding="UTF-8"?>
<testng-results skipped="0" failed="0" total="0" passed="0">
  <reporter-output>
  </reporter-output>
  <suite name="com.stockaccounting.AppTest" duration-ms="2" started-at="2016-07-15T12:35:38Z" finished-at="2016-07-15T12:35:38Z">
    <groups>
    </groups>
    <test name="Command line test" duration-ms="2" started-at="2016-07-15T12:35:38Z" finished-at="2016-07-15T12:35:38Z">
    </test> <!-- Command line test -->
  </suite> <!-- com.stockaccounting.AppTest -->
</testng-results>
