<?xml version="1.0" encoding="UTF-8"?>
<testng-results skipped="0" failed="0" total="1" passed="1">
  <reporter-output>
  </reporter-output>
  <suite name="Default suite" duration-ms="10647" started-at="2016-07-15T12:37:33Z" finished-at="2016-07-15T12:37:44Z">
    <groups>
    </groups>
    <test name="Default test" duration-ms="10647" started-at="2016-07-15T12:37:33Z" finished-at="2016-07-15T12:37:44Z">
      <class name="com.stockaccounting.maventest1">
        <test-method status="PASS" signature="exe()[pri:0, instance:com.stockaccounting.maventest1@108137c9]" name="exe" duration-ms="10626" started-at="2016-07-15T18:07:33Z" finished-at="2016-07-15T18:07:44Z">
          <reporter-output>
          </reporter-output>
        </test-method> <!-- exe -->
      </class> <!-- com.stockaccounting.maventest1 -->
    </test> <!-- Default test -->
  </suite> <!-- Default suite -->
</testng-results>
